### ISSUE TITLE
Traceback in gx heading in some case (gdb.error: Invalid cast)

### ISSUE THREAD

**Issue by eax64** [wapiflapi/gxf#3]
I stumbled upon a traceback while using gx for remotly debug my os. 

Here is the next 4 instructions:

```
gdb-peda$ x/4i $pc
=> 0xf11dc: mov    eax,edx
   0xf11de: mov    dx,WORD PTR ds:0xf696c
   0xf11e5: out    dx,al
```

gx is able to print the next 3 instructions.

```
gdb-peda$ gx heading -c 3 $pc
=> 0x000f11dc:  mov    eax,edx
   0x000f11de:  mov    dx,WORD PTR ds:0xf696c
   0x000f11e5:  out    dx,al
```

But traceback when trying to print the fourth one. (ret).
I think the problem is when gx try to get what you call the "future" instructions.

```
gdb-peda$ gx heading -c 4 $pc
Traceback (most recent call last):
  File "/usr/lib/python3.4/site-packages/gxf-0.1.0-py3.4.egg/gxf/commands.py", line 223, in invoke
    self.run(args)
  File "/usr/lib/python3.4/site-packages/gxf-0.1.0-py3.4.egg/gxf/extensions/heading.py", line 21, in run
    args.what, count=args.count + args.before, offset=-args.before)
  File "/usr/lib/python3.4/site-packages/gxf-0.1.0-py3.4.egg/gxf/disassembly.py", line 775, in disassemble_heading
    heading = line.get_heading()
  File "/usr/lib/python3.4/site-packages/gxf-0.1.0-py3.4.egg/gxf/disassembly.py", line 483, in get_heading
    return gxf.parse_and_eval("*(void **) (%s)" % stack)
  File "/usr/lib/python3.4/site-packages/gxf-0.1.0-py3.4.egg/gxf/basics.py", line 24, in parse_and_eval
    return gdb.parse_and_eval(*args, **kwargs)
gdb.error: Invalid cast.
```

There is the register:

```
gdb-peda$ i r
eax            0xf6524  0xf6524
ecx            0xf6524  0xf6524
edx            0x53 0x53
ebx            0x0  0x0
esp            0x6fac   0x6fac
ebp            0x6fd8   0x6fd8
esi            0xf4ef8  0xf4ef8
edi            0xf6524  0xf6524
eip            0xf11dc  0xf11dc
eflags         0x16 [ PF AF ]
cs             0x8  0x8
ss             0x10 0x10
ds             0x10 0x10
es             0x10 0x10
fs             0x10 0x10
gs             0x10 0x10
```

stack:

```
gdb-peda$ x/4x $esp
0x6fac: 0x000f11ee  0x000f1bea  0x00000000  0x00000000
```

```
gdb-peda$ bt
#0  0x000f11dc in ?? ()
#1  0x00000000 in ?? ()
```

Once the ret passed, gx heading works again.

```
gdb-peda$ gx heading -c 4 $pc
=> 0x000f1bea:  jmp    0xf1bee
future:
   0x000f1bee:  inc    esi
   0x000f1bef:  jmp    0xf1ab3
   0x000f1bf4:  cmp    al,0x64
   0x000f1bf6:  jne    0xf1b44
alternative:
   0x000f1bec:  mov    ebp,ebx
   0x000f1bee:  inc    esi
   0x000f1bef:  jmp    0xf1ab3
```
